2025-09-21 18:22:45,643 - __main__ - INFO - Starting WikiRace Multiplayer Server...
2025-09-21 18:22:45,888 - __main__ - INFO - Server will start on 0.0.0.0:8000
2025-09-21 18:22:45,888 - __main__ - INFO - Press Ctrl+C to stop the server
2025-09-21 18:22:50,270 - redis_manager - ERROR - Failed to connect to Redis: Error 22 connecting to localhost:6379. The remote computer refused the network connection.
2025-09-21 18:22:50,271 - room_manager - WARNING - Redis connection failed, using in-memory storage only
2025-09-21 18:22:54,211 - engineio.server - ERROR - http://127.0.0.1:8000 is not an accepted origin. (further occurrences of this error will be logged with level INFO)
2025-09-21 18:22:54,214 - socket_handlers - INFO - Client connected: A_YCoXtTcHO_NFIdAAAB
2025-09-21 18:22:54,729 - room_manager - INFO - Created room PLBJ with host TestHost
2025-09-21 18:22:54,730 - socket_handlers - INFO - Room PLBJ created by TestHost
2025-09-21 18:22:58,730 - socket_handlers - INFO - Client disconnected: A_YCoXtTcHO_NFIdAAAB
2025-09-21 18:22:58,730 - socket_handlers - INFO - Player TestHost disconnected from room PLBJ
2025-09-21 18:22:58,730 - room_manager - INFO - Player TestHost left room PLBJ
2025-09-21 18:22:58,730 - room_manager - INFO - Closed room PLBJ
2025-09-21 18:22:58,730 - room_manager - INFO - Closed empty room PLBJ
2025-09-21 18:22:58,730 - socket_handlers - INFO - Room PLBJ was deleted - last player disconnected
2025-09-21 18:23:45,338 - socket_handlers - INFO - Client connected: S1U_kBG1OQX5gSVEAAAD
2025-09-21 18:23:45,860 - room_manager - INFO - Created room QJAE with host HostPlayer
2025-09-21 18:23:45,860 - socket_handlers - INFO - Room QJAE created by HostPlayer
2025-09-21 18:23:48,865 - socket_handlers - INFO - Client connected: -LvuR8iXmgAvr-duAAAF
2025-09-21 18:23:49,368 - room_manager - INFO - Player JoinPlayer joined room QJAE
2025-09-21 18:23:49,369 - socket_handlers - INFO - Player JoinPlayer joined room QJAE
2025-09-21 18:24:34,306 - socket_handlers - INFO - Client disconnected: S1U_kBG1OQX5gSVEAAAD
2025-09-21 18:24:34,306 - socket_handlers - INFO - Player HostPlayer disconnected from room QJAE
2025-09-21 18:24:34,306 - room_manager - INFO - Player HostPlayer left room QJAE
2025-09-21 18:24:34,306 - room_manager - INFO - Closed room QJAE
2025-09-21 18:24:34,307 - room_manager - INFO - Closed empty room QJAE
2025-09-21 18:24:34,307 - socket_handlers - INFO - Room QJAE was deleted - last player disconnected
2025-09-21 18:34:02,239 - __main__ - INFO - Starting WikiRace Multiplayer Server...
2025-09-21 18:34:02,457 - __main__ - INFO - Server will start on 0.0.0.0:8000
2025-09-21 18:34:02,457 - __main__ - INFO - Press Ctrl+C to stop the server
2025-09-21 18:34:07,006 - redis_manager - ERROR - Failed to connect to Redis: Error 22 connecting to localhost:6379. The remote computer refused the network connection.
2025-09-21 18:34:07,007 - room_manager - WARNING - Redis connection failed, using in-memory storage only
2025-09-21 18:35:12,731 - redis_manager - INFO - Disconnected from Redis
2025-09-21 18:38:12,857 - __main__ - INFO - Starting WikiRace Multiplayer Server...
2025-09-21 18:38:13,089 - __main__ - INFO - Server will start on 0.0.0.0:8000
2025-09-21 18:38:13,089 - __main__ - INFO - Press Ctrl+C to stop the server
2025-09-21 18:38:17,654 - redis_manager - ERROR - Failed to connect to Redis: Error 22 connecting to localhost:6379. The remote computer refused the network connection.
2025-09-21 18:38:17,655 - room_manager - WARNING - Redis connection failed, using in-memory storage only
2025-09-21 18:40:38,534 - room_manager - INFO - Created room VFPD with host TestPlayer1
2025-09-21 18:40:38,565 - room_manager - INFO - Player TestPlayer2 joined room VFPD
2025-09-21 18:44:57,892 - engineio.server - ERROR - http://127.0.0.1:8000 is not an accepted origin. (further occurrences of this error will be logged with level INFO)
2025-09-21 18:44:57,895 - socket_handlers - INFO - Client connected: whiQe9sV3rcqEiiYAAAB
2025-09-21 18:44:58,400 - room_manager - INFO - Created room WWXT with host Ian
2025-09-21 18:44:58,400 - socket_handlers - INFO - Room WWXT created by Ian
2025-09-21 18:45:13,205 - socket_handlers - INFO - Client connected: sYYF_aNEV87XrWEuAAAD
2025-09-21 18:45:13,721 - room_manager - INFO - Player Megan joined room WWXT
2025-09-21 18:45:13,722 - socket_handlers - INFO - Player Megan joined room WWXT
2025-09-21 18:45:31,473 - socket_handlers - INFO - Game started in room WWXT
2025-09-21 18:45:40,199 - socket_handlers - INFO - Game started in room WWXT
2025-09-21 20:24:54,040 - __main__ - INFO - Starting WikiRace Multiplayer Server...
2025-09-21 20:24:54,282 - __main__ - INFO - Server will start on 0.0.0.0:8000
2025-09-21 20:24:54,282 - __main__ - INFO - Press Ctrl+C to stop the server
2025-09-21 20:24:58,927 - redis_manager - ERROR - Failed to connect to Redis: Error 22 connecting to localhost:6379. The remote computer refused the network connection.
2025-09-21 20:24:58,927 - room_manager - WARNING - Redis connection failed, using in-memory storage only
2025-09-21 20:27:02,199 - redis_manager - INFO - Disconnected from Redis
2025-09-21 20:28:53,442 - __main__ - INFO - Starting WikiRace Multiplayer Server...
2025-09-21 20:28:53,669 - __main__ - INFO - Server will start on 0.0.0.0:8000
2025-09-21 20:28:53,669 - __main__ - INFO - Press Ctrl+C to stop the server
2025-09-21 20:28:54,159 - socket_handlers - ERROR - FORCE LOG: Socket handlers being registered!
2025-09-21 20:28:58,255 - redis_manager - ERROR - Failed to connect to Redis: Error 22 connecting to localhost:6379. The remote computer refused the network connection.
2025-09-21 20:28:58,255 - room_manager - WARNING - Redis connection failed, using in-memory storage only
2025-09-21 20:30:04,760 - redis_manager - INFO - Disconnected from Redis
2025-09-21 20:34:36,894 - __main__ - INFO - Starting WikiRace Multiplayer Server...
2025-09-21 20:34:37,120 - __main__ - INFO - Server will start on 0.0.0.0:8000
2025-09-21 20:34:37,121 - __main__ - INFO - Press Ctrl+C to stop the server
2025-09-21 20:34:37,610 - socket_handlers - ERROR - FORCE LOG: Socket handlers being registered!
2025-09-21 20:34:41,698 - redis_manager - ERROR - Failed to connect to Redis: Error 22 connecting to localhost:6379. The remote computer refused the network connection.
2025-09-21 20:34:41,699 - room_manager - WARNING - Redis connection failed, using in-memory storage only
2025-09-21 20:35:22,573 - redis_manager - INFO - Disconnected from Redis
